# JRE version: OpenJDK Runtime Environment (7.0_55-b14) (build 1.7.0_55-b14)
# Java VM: OpenJDK Server VM (24.51-b03 mixed mode linux-x86 )
Heap
 PSYoungGen      total 212480K, used 9220K [0x9ea80000, 0xb2780000, 0xb3340000)
  eden space 100352K, 0% used [0x9ea80000,0x9ea80000,0xa4c80000)
  from space 112128K, 8% used [0xaba00000,0xac3013e8,0xb2780000)
  to   space 112128K, 0% used [0xa4c80000,0xa4c80000,0xaba00000)
 ParOldGen       total 391680K, used 391588K [0x75940000, 0x8d7c0000, 0x9ea80000)
  object space 391680K, 99% used [0x75940000,0x8d7a9138,0x8d7c0000)
 PSPermGen       total 16384K, used 4895K [0x6d940000, 0x6e940000, 0x75940000)
  object space 16384K, 29% used [0x6d940000,0x6de07de0,0x6e940000)
GC Heap History (10 events):
Event: 16,489 GC heap after
Heap after GC invocations=16 (full 3):
 PSYoungGen      total 185344K, used 87854K [0x9ea80000, 0xb1bc0000, 0xb3340000)
  eden space 73216K, 0% used [0x9ea80000,0x9ea80000,0xa3200000)
  from space 112128K, 78% used [0xa3200000,0xa87cbb50,0xa9f80000)
  to   space 112128K, 0% used [0xaae40000,0xaae40000,0xb1bc0000)
 ParOldGen       total 245504K, used 211751K [0x75940000, 0x84900000, 0x9ea80000)
  object space 245504K, 86% used [0x75940000,0x82809d08,0x84900000)
 PSPermGen       total 16384K, used 4895K [0x6d940000, 0x6e940000, 0x75940000)
  object space 16384K, 29% used [0x6d940000,0x6de07de0,0x6e940000)
}
Event: 16,489 GC heap before
{Heap before GC invocations=17 (full 4):
 PSYoungGen      total 185344K, used 87854K [0x9ea80000, 0xb1bc0000, 0xb3340000)
  eden space 73216K, 0% used [0x9ea80000,0x9ea80000,0xa3200000)
  from space 112128K, 78% used [0xa3200000,0xa87cbb50,0xa9f80000)
  to   space 112128K, 0% used [0xaae40000,0xaae40000,0xb1bc0000)
 ParOldGen       total 245504K, used 211751K [0x75940000, 0x84900000, 0x9ea80000)
  object space 245504K, 86% used [0x75940000,0x82809d08,0x84900000)
 PSPermGen       total 16384K, used 4895K [0x6d940000, 0x6e940000, 0x75940000)
  object space 16384K, 29% used [0x6d940000,0x6de07de0,0x6e940000)
Event: 19,731 GC heap after
Heap after GC invocations=17 (full 4):
 PSYoungGen      total 185344K, used 49529K [0x9ea80000, 0xb1bc0000, 0xb3340000)
  eden space 73216K, 0% used [0x9ea80000,0x9ea80000,0xa3200000)
  from space 112128K, 44% used [0xa3200000,0xa625e4f8,0xa9f80000)
  to   space 112128K, 0% used [0xaae40000,0xaae40000,0xb1bc0000)
 ParOldGen       total 391680K, used 245274K [0x75940000, 0x8d7c0000, 0x9ea80000)
  object space 391680K, 62% used [0x75940000,0x848c6858,0x8d7c0000)
 PSPermGen       total 16384K, used 4895K [0x6d940000, 0x6e940000, 0x75940000)
  object space 16384K, 29% used [0x6d940000,0x6de07de0,0x6e940000)
}
Event: 20,818 GC heap before
{Heap before GC invocations=18 (full 4):
 PSYoungGen      total 185344K, used 122745K [0x9ea80000, 0xb1bc0000, 0xb3340000)
  eden space 73216K, 100% used [0x9ea80000,0xa3200000,0xa3200000)
  from space 112128K, 44% used [0xa3200000,0xa625e4f8,0xa9f80000)
  to   space 112128K, 0% used [0xaae40000,0xaae40000,0xb1bc0000)
 ParOldGen       total 391680K, used 245274K [0x75940000, 0x8d7c0000, 0x9ea80000)
  object space 391680K, 62% used [0x75940000,0x848c6858,0x8d7c0000)
 PSPermGen       total 16384K, used 4895K [0x6d940000, 0x6e940000, 0x75940000)
  object space 16384K, 29% used [0x6d940000,0x6de07de0,0x6e940000)
Event: 21,112 GC heap after
Heap after GC invocations=18 (full 4):
 PSYoungGen      total 195328K, used 41104K [0x9ea80000, 0xb1940000, 0xb3340000)
  eden space 85760K, 0% used [0x9ea80000,0x9ea80000,0xa3e40000)
  from space 109568K, 37% used [0xaae40000,0xad664000,0xb1940000)
  to   space 112128K, 0% used [0xa3e40000,0xa3e40000,0xaabc0000)
 ParOldGen       total 391680K, used 287758K [0x75940000, 0x8d7c0000, 0x9ea80000)
  object space 391680K, 73% used [0x75940000,0x87243858,0x8d7c0000)
 PSPermGen       total 16384K, used 4895K [0x6d940000, 0x6e940000, 0x75940000)
  object space 16384K, 29% used [0x6d940000,0x6de07de0,0x6e940000)
}
Event: 22,626 GC heap before
{Heap before GC invocations=19 (full 4):
 PSYoungGen      total 195328K, used 126864K [0x9ea80000, 0xb1940000, 0xb3340000)
  eden space 85760K, 100% used [0x9ea80000,0xa3e40000,0xa3e40000)
  from space 109568K, 37% used [0xaae40000,0xad664000,0xb1940000)
  to   space 112128K, 0% used [0xa3e40000,0xa3e40000,0xaabc0000)
 ParOldGen       total 391680K, used 287758K [0x75940000, 0x8d7c0000, 0x9ea80000)
  object space 391680K, 73% used [0x75940000,0x87243858,0x8d7c0000)
 PSPermGen       total 16384K, used 4895K [0x6d940000, 0x6e940000, 0x75940000)
  object space 16384K, 29% used [0x6d940000,0x6de07de0,0x6e940000)
Event: 22,860 GC heap after
Heap after GC invocations=19 (full 4):
 PSYoungGen      total 197888K, used 39326K [0x9ea80000, 0xb2780000, 0xb3340000)
  eden space 85760K, 0% used [0x9ea80000,0x9ea80000,0xa3e40000)
  from space 112128K, 35% used [0xa3e40000,0xa64a78f0,0xaabc0000)
  to   space 112128K, 0% used [0xaba00000,0xaba00000,0xb2780000)
 ParOldGen       total 391680K, used 329010K [0x75940000, 0x8d7c0000, 0x9ea80000)
  object space 391680K, 83% used [0x75940000,0x89a8c858,0x8d7c0000)
 PSPermGen       total 16384K, used 4895K [0x6d940000, 0x6e940000, 0x75940000)
  object space 16384K, 29% used [0x6d940000,0x6de07de0,0x6e940000)
}
Event: 24,364 GC heap before
{Heap before GC invocations=20 (full 4):
 PSYoungGen      total 197888K, used 125086K [0x9ea80000, 0xb2780000, 0xb3340000)
  eden space 85760K, 100% used [0x9ea80000,0xa3e40000,0xa3e40000)
  from space 112128K, 35% used [0xa3e40000,0xa64a78f0,0xaabc0000)
  to   space 112128K, 0% used [0xaba00000,0xaba00000,0xb2780000)
 ParOldGen       total 391680K, used 329010K [0x75940000, 0x8d7c0000, 0x9ea80000)
  object space 391680K, 83% used [0x75940000,0x89a8c858,0x8d7c0000)
 PSPermGen       total 16384K, used 4895K [0x6d940000, 0x6e940000, 0x75940000)
  object space 16384K, 29% used [0x6d940000,0x6de07de0,0x6e940000)
Event: 24,600 GC heap after
Heap after GC invocations=20 (full 4):
 PSYoungGen      total 212480K, used 38144K [0x9ea80000, 0xb2780000, 0xb3340000)
  eden space 100352K, 0% used [0x9ea80000,0x9ea80000,0xa4c80000)
  from space 112128K, 34% used [0xaba00000,0xadf40000,0xb2780000)
  to   space 112128K, 0% used [0xa4c80000,0xa4c80000,0xaba00000)
 ParOldGen       total 391680K, used 368312K [0x75940000, 0x8d7c0000, 0x9ea80000)
  object space 391680K, 94% used [0x75940000,0x8c0ee148,0x8d7c0000)
 PSPermGen       total 16384K, used 4895K [0x6d940000, 0x6e940000, 0x75940000)
  object space 16384K, 29% used [0x6d940000,0x6de07de0,0x6e940000)
}
Event: 24,601 GC heap before
{Heap before GC invocations=21 (full 5):
 PSYoungGen      total 212480K, used 38144K [0x9ea80000, 0xb2780000, 0xb3340000)
  eden space 100352K, 0% used [0x9ea80000,0x9ea80000,0xa4c80000)
  from space 112128K, 34% used [0xaba00000,0xadf40000,0xb2780000)
  to   space 112128K, 0% used [0xa4c80000,0xa4c80000,0xaba00000)
 ParOldGen       total 391680K, used 368312K [0x75940000, 0x8d7c0000, 0x9ea80000)
  object space 391680K, 94% used [0x75940000,0x8c0ee148,0x8d7c0000)
 PSPermGen       total 16384K, used 4895K [0x6d940000, 0x6e940000, 0x75940000)
  object space 16384K, 29% used [0x6d940000,0x6de07de0,0x6e940000)

