# JRE version: OpenJDK Runtime Environment (7.0_55-b14) (build 1.7.0_55-b14)
# Java VM: OpenJDK Server VM (24.51-b03 mixed mode linux-x86 )
Heap
 PSYoungGen      total 144384K, used 42993K [0x9ea00000, 0xaf000000, 0xb32c0000)
  eden space 73472K, 0% used [0x9ea00000,0x9ea00000,0xa31c0000)
  from space 70912K, 60% used [0xa31c0000,0xa5bbc6c0,0xa7700000)
  to   space 90368K, 0% used [0xa97c0000,0xa97c0000,0xaf000000)
 ParOldGen       total 141824K, used 141732K [0x758c0000, 0x7e340000, 0x9ea00000)
  object space 141824K, 99% used [0x758c0000,0x7e329090,0x7e340000)
 PSPermGen       total 16384K, used 4899K [0x6d8c0000, 0x6e8c0000, 0x758c0000)
  object space 16384K, 29% used [0x6d8c0000,0x6dd88c88,0x6e8c0000)
GC Heap History (10 events):
Event: 5,319 GC heap after
Heap after GC invocations=7 (full 2):
 PSYoungGen      total 66048K, used 0K [0x9ea00000, 0xa7300000, 0xb32c0000)
  eden space 63488K, 0% used [0x9ea00000,0x9ea00000,0xa2800000)
  from space 2560K, 0% used [0xa2800000,0xa2800000,0xa2a80000)
  to   space 29952K, 0% used [0xa55c0000,0xa55c0000,0xa7300000)
 ParOldGen       total 141824K, used 62219K [0x758c0000, 0x7e340000, 0x9ea00000)
  object space 141824K, 43% used [0x758c0000,0x79582ca8,0x7e340000)
 PSPermGen       total 16384K, used 4899K [0x6d8c0000, 0x6e8c0000, 0x758c0000)
  object space 16384K, 29% used [0x6d8c0000,0x6dd88c88,0x6e8c0000)
}
Event: 6,103 GC heap before
{Heap before GC invocations=8 (full 2):
 PSYoungGen      total 66048K, used 63488K [0x9ea00000, 0xa7300000, 0xb32c0000)
  eden space 63488K, 100% used [0x9ea00000,0xa2800000,0xa2800000)
  from space 2560K, 0% used [0xa2800000,0xa2800000,0xa2a80000)
  to   space 29952K, 0% used [0xa55c0000,0xa55c0000,0xa7300000)
 ParOldGen       total 141824K, used 62219K [0x758c0000, 0x7e340000, 0x9ea00000)
  object space 141824K, 43% used [0x758c0000,0x79582ca8,0x7e340000)
 PSPermGen       total 16384K, used 4899K [0x6d8c0000, 0x6e8c0000, 0x758c0000)
  object space 16384K, 29% used [0x6d8c0000,0x6dd88c88,0x6e8c0000)
Event: 6,150 GC heap after
Heap after GC invocations=8 (full 2):
 PSYoungGen      total 101376K, used 28768K [0x9ea00000, 0xa7540000, 0xb32c0000)
  eden space 71424K, 0% used [0x9ea00000,0x9ea00000,0xa2fc0000)
  from space 29952K, 96% used [0xa55c0000,0xa71d8368,0xa7300000)
  to   space 35584K, 0% used [0xa2fc0000,0xa2fc0000,0xa5280000)
 ParOldGen       total 141824K, used 62219K [0x758c0000, 0x7e340000, 0x9ea00000)
  object space 141824K, 43% used [0x758c0000,0x79582ca8,0x7e340000)
 PSPermGen       total 16384K, used 4899K [0x6d8c0000, 0x6e8c0000, 0x758c0000)
  object space 16384K, 29% used [0x6d8c0000,0x6dd88c88,0x6e8c0000)
}
Event: 6,935 GC heap before
{Heap before GC invocations=9 (full 2):
 PSYoungGen      total 101376K, used 100192K [0x9ea00000, 0xa7540000, 0xb32c0000)
  eden space 71424K, 100% used [0x9ea00000,0xa2fc0000,0xa2fc0000)
  from space 29952K, 96% used [0xa55c0000,0xa71d8368,0xa7300000)
  to   space 35584K, 0% used [0xa2fc0000,0xa2fc0000,0xa5280000)
 ParOldGen       total 141824K, used 62219K [0x758c0000, 0x7e340000, 0x9ea00000)
  object space 141824K, 43% used [0x758c0000,0x79582ca8,0x7e340000)
 PSPermGen       total 16384K, used 4899K [0x6d8c0000, 0x6e8c0000, 0x758c0000)
  object space 16384K, 29% used [0x6d8c0000,0x6dd88c88,0x6e8c0000)
Event: 7,195 GC heap after
Heap after GC invocations=9 (full 2):
 PSYoungGen      total 107008K, used 35569K [0x9ea00000, 0xaad00000, 0xb32c0000)
  eden space 71424K, 0% used [0x9ea00000,0x9ea00000,0xa2fc0000)
  from space 35584K, 99% used [0xa2fc0000,0xa527c510,0xa5280000)
  to   space 55296K, 0% used [0xa7700000,0xa7700000,0xaad00000)
 ParOldGen       total 141824K, used 87399K [0x758c0000, 0x7e340000, 0x9ea00000)
  object space 141824K, 61% used [0x758c0000,0x7ae19ca8,0x7e340000)
 PSPermGen       total 16384K, used 4899K [0x6d8c0000, 0x6e8c0000, 0x758c0000)
  object space 16384K, 29% used [0x6d8c0000,0x6dd88c88,0x6e8c0000)
}
Event: 8,438 GC heap before
{Heap before GC invocations=10 (full 2):
 PSYoungGen      total 107008K, used 106993K [0x9ea00000, 0xaad00000, 0xb32c0000)
  eden space 71424K, 100% used [0x9ea00000,0xa2fc0000,0xa2fc0000)
  from space 35584K, 99% used [0xa2fc0000,0xa527c510,0xa5280000)
  to   space 55296K, 0% used [0xa7700000,0xa7700000,0xaad00000)
 ParOldGen       total 141824K, used 87399K [0x758c0000, 0x7e340000, 0x9ea00000)
  object space 141824K, 61% used [0x758c0000,0x7ae19ca8,0x7e340000)
 PSPermGen       total 16384K, used 4899K [0x6d8c0000, 0x6e8c0000, 0x758c0000)
  object space 16384K, 29% used [0x6d8c0000,0x6dd88c88,0x6e8c0000)
Event: 8,677 GC heap after
Heap after GC invocations=10 (full 2):
 PSYoungGen      total 128768K, used 55281K [0x9ea00000, 0xace00000, 0xb32c0000)
  eden space 73472K, 0% used [0x9ea00000,0x9ea00000,0xa31c0000)
  from space 55296K, 99% used [0xa7700000,0xaacfc510,0xaad00000)
  to   space 70912K, 0% used [0xa31c0000,0xa31c0000,0xa7700000)
 ParOldGen       total 141824K, used 99767K [0x758c0000, 0x7e340000, 0x9ea00000)
  object space 141824K, 70% used [0x758c0000,0x7ba2dca8,0x7e340000)
 PSPermGen       total 16384K, used 4899K [0x6d8c0000, 0x6e8c0000, 0x758c0000)
  object space 16384K, 29% used [0x6d8c0000,0x6dd88c88,0x6e8c0000)
}
Event: 12,906 GC heap before
{Heap before GC invocations=11 (full 2):
 PSYoungGen      total 128768K, used 128753K [0x9ea00000, 0xace00000, 0xb32c0000)
  eden space 73472K, 100% used [0x9ea00000,0xa31c0000,0xa31c0000)
  from space 55296K, 99% used [0xa7700000,0xaacfc510,0xaad00000)
  to   space 70912K, 0% used [0xa31c0000,0xa31c0000,0xa7700000)
 ParOldGen       total 141824K, used 99767K [0x758c0000, 0x7e340000, 0x9ea00000)
  object space 141824K, 70% used [0x758c0000,0x7ba2dca8,0x7e340000)
 PSPermGen       total 16384K, used 4899K [0x6d8c0000, 0x6e8c0000, 0x758c0000)
  object space 16384K, 29% used [0x6d8c0000,0x6dd88c88,0x6e8c0000)
Event: 13,873 GC heap after
Heap after GC invocations=11 (full 2):
 PSYoungGen      total 144384K, used 70905K [0x9ea00000, 0xaf000000, 0xb32c0000)
  eden space 73472K, 0% used [0x9ea00000,0x9ea00000,0xa31c0000)
  from space 70912K, 99% used [0xa31c0000,0xa76fe790,0xa7700000)
  to   space 90368K, 0% used [0xa97c0000,0xa97c0000,0xaf000000)
 ParOldGen       total 141824K, used 117051K [0x758c0000, 0x7e340000, 0x9ea00000)
  object space 141824K, 82% used [0x758c0000,0x7cb0eca8,0x7e340000)
 PSPermGen       total 16384K, used 4899K [0x6d8c0000, 0x6e8c0000, 0x758c0000)
  object space 16384K, 29% used [0x6d8c0000,0x6dd88c88,0x6e8c0000)
}
Event: 13,874 GC heap before
{Heap before GC invocations=12 (full 3):
 PSYoungGen      total 144384K, used 70905K [0x9ea00000, 0xaf000000, 0xb32c0000)
  eden space 73472K, 0% used [0x9ea00000,0x9ea00000,0xa31c0000)
  from space 70912K, 99% used [0xa31c0000,0xa76fe790,0xa7700000)
  to   space 90368K, 0% used [0xa97c0000,0xa97c0000,0xaf000000)
 ParOldGen       total 141824K, used 117051K [0x758c0000, 0x7e340000, 0x9ea00000)
  object space 141824K, 82% used [0x758c0000,0x7cb0eca8,0x7e340000)
 PSPermGen       total 16384K, used 4899K [0x6d8c0000, 0x6e8c0000, 0x758c0000)
  object space 16384K, 29% used [0x6d8c0000,0x6dd88c88,0x6e8c0000)

