# JRE version: OpenJDK Runtime Environment (7.0_55-b14) (build 1.7.0_55-b14)
# Java VM: OpenJDK Server VM (24.51-b03 mixed mode linux-x86 )
Heap
 PSYoungGen      total 209408K, used 95559K [0x9ea40000, 0xb3300000, 0xb3300000)
  eden space 97280K, 0% used [0x9ea40000,0x9ea40000,0xa4940000)
  from space 112128K, 85% used [0xa4940000,0xaa691f40,0xab6c0000)
  to   space 112128K, 0% used [0xac580000,0xac580000,0xb3300000)
 ParOldGen       total 242944K, used 242827K [0x75900000, 0x84640000, 0x9ea40000)
  object space 242944K, 99% used [0x75900000,0x84622dd0,0x84640000)
 PSPermGen       total 16384K, used 4898K [0x6d900000, 0x6e900000, 0x75900000)
  object space 16384K, 29% used [0x6d900000,0x6ddc8b48,0x6e900000)
GC Heap History (10 events):
Event: 6,870 GC heap after
Heap after GC invocations=12 (full 3):
 PSYoungGen      total 149504K, used 49747K [0x9ea40000, 0xafac0000, 0xb3300000)
  eden space 76800K, 0% used [0x9ea40000,0x9ea40000,0xa3540000)
  from space 72704K, 68% used [0xa3540000,0xa65d4c08,0xa7c40000)
  to   space 93184K, 0% used [0xa9fc0000,0xa9fc0000,0xafac0000)
 ParOldGen       total 242944K, used 140903K [0x75900000, 0x84640000, 0x9ea40000)
  object space 242944K, 57% used [0x75900000,0x7e299ca8,0x84640000)
 PSPermGen       total 16384K, used 4898K [0x6d900000, 0x6e900000, 0x75900000)
  object space 16384K, 29% used [0x6d900000,0x6ddc8b48,0x6e900000)
}
Event: 7,650 GC heap before
{Heap before GC invocations=13 (full 3):
 PSYoungGen      total 149504K, used 126547K [0x9ea40000, 0xafac0000, 0xb3300000)
  eden space 76800K, 100% used [0x9ea40000,0xa3540000,0xa3540000)
  from space 72704K, 68% used [0xa3540000,0xa65d4c08,0xa7c40000)
  to   space 93184K, 0% used [0xa9fc0000,0xa9fc0000,0xafac0000)
 ParOldGen       total 242944K, used 140903K [0x75900000, 0x84640000, 0x9ea40000)
  object space 242944K, 57% used [0x75900000,0x7e299ca8,0x84640000)
 PSPermGen       total 16384K, used 4898K [0x6d900000, 0x6e900000, 0x75900000)
  object space 16384K, 29% used [0x6d900000,0x6ddc8b48,0x6e900000)
Event: 8,042 GC heap after
Heap after GC invocations=13 (full 3):
 PSYoungGen      total 173568K, used 84672K [0x9ea40000, 0xb1200000, 0xb3300000)
  eden space 80384K, 0% used [0x9ea40000,0x9ea40000,0xa38c0000)
  from space 93184K, 90% used [0xa9fc0000,0xaf270000,0xafac0000)
  to   space 105472K, 0% used [0xa38c0000,0xa38c0000,0xa9fc0000)
 ParOldGen       total 242944K, used 140903K [0x75900000, 0x84640000, 0x9ea40000)
  object space 242944K, 57% used [0x75900000,0x7e299ca8,0x84640000)
 PSPermGen       total 16384K, used 4898K [0x6d900000, 0x6e900000, 0x75900000)
  object space 16384K, 29% used [0x6d900000,0x6ddc8b48,0x6e900000)
}
Event: 8,669 GC heap before
{Heap before GC invocations=14 (full 3):
 PSYoungGen      total 173568K, used 165056K [0x9ea40000, 0xb1200000, 0xb3300000)
  eden space 80384K, 100% used [0x9ea40000,0xa38c0000,0xa38c0000)
  from space 93184K, 90% used [0xa9fc0000,0xaf270000,0xafac0000)
  to   space 105472K, 0% used [0xa38c0000,0xa38c0000,0xa9fc0000)
 ParOldGen       total 242944K, used 140903K [0x75900000, 0x84640000, 0x9ea40000)
  object space 242944K, 57% used [0x75900000,0x7e299ca8,0x84640000)
 PSPermGen       total 16384K, used 4898K [0x6d900000, 0x6e900000, 0x75900000)
  object space 16384K, 29% used [0x6d900000,0x6ddc8b48,0x6e900000)
Event: 8,838 GC heap after
Heap after GC invocations=14 (full 3):
 PSYoungGen      total 185856K, used 105470K [0x9ea40000, 0xb2440000, 0xb3300000)
  eden space 80384K, 0% used [0x9ea40000,0x9ea40000,0xa38c0000)
  from space 105472K, 99% used [0xa38c0000,0xa9fbfb50,0xa9fc0000)
  to   space 112128K, 0% used [0xab6c0000,0xab6c0000,0xb2440000)
 ParOldGen       total 242944K, used 158043K [0x75900000, 0x84640000, 0x9ea40000)
  object space 242944K, 65% used [0x75900000,0x7f356ca8,0x84640000)
 PSPermGen       total 16384K, used 4898K [0x6d900000, 0x6e900000, 0x75900000)
  object space 16384K, 29% used [0x6d900000,0x6ddc8b48,0x6e900000)
}
Event: 9,566 GC heap before
{Heap before GC invocations=15 (full 3):
 PSYoungGen      total 185856K, used 185854K [0x9ea40000, 0xb2440000, 0xb3300000)
  eden space 80384K, 100% used [0x9ea40000,0xa38c0000,0xa38c0000)
  from space 105472K, 99% used [0xa38c0000,0xa9fbfb50,0xa9fc0000)
  to   space 112128K, 0% used [0xab6c0000,0xab6c0000,0xb2440000)
 ParOldGen       total 242944K, used 158043K [0x75900000, 0x84640000, 0x9ea40000)
  object space 242944K, 65% used [0x75900000,0x7f356ca8,0x84640000)
 PSPermGen       total 16384K, used 4898K [0x6d900000, 0x6e900000, 0x75900000)
  object space 16384K, 29% used [0x6d900000,0x6ddc8b48,0x6e900000)
Event: 9,838 GC heap after
Heap after GC invocations=15 (full 3):
 PSYoungGen      total 209408K, used 112126K [0x9ea40000, 0xb2600000, 0xb3300000)
  eden space 97280K, 0% used [0x9ea40000,0x9ea40000,0xa4940000)
  from space 112128K, 99% used [0xab6c0000,0xb243fb50,0xb2440000)
  to   space 112128K, 0% used [0xa4940000,0xa4940000,0xab6c0000)
 ParOldGen       total 242944K, used 187731K [0x75900000, 0x84640000, 0x9ea40000)
  object space 242944K, 77% used [0x75900000,0x81054ca8,0x84640000)
 PSPermGen       total 16384K, used 4898K [0x6d900000, 0x6e900000, 0x75900000)
  object space 16384K, 29% used [0x6d900000,0x6ddc8b48,0x6e900000)
}
Event: 10,889 GC heap before
{Heap before GC invocations=16 (full 3):
 PSYoungGen      total 209408K, used 209406K [0x9ea40000, 0xb2600000, 0xb3300000)
  eden space 97280K, 100% used [0x9ea40000,0xa4940000,0xa4940000)
  from space 112128K, 99% used [0xab6c0000,0xb243fb50,0xb2440000)
  to   space 112128K, 0% used [0xa4940000,0xa4940000,0xab6c0000)
 ParOldGen       total 242944K, used 187731K [0x75900000, 0x84640000, 0x9ea40000)
  object space 242944K, 77% used [0x75900000,0x81054ca8,0x84640000)
 PSPermGen       total 16384K, used 4898K [0x6d900000, 0x6e900000, 0x75900000)
  object space 16384K, 29% used [0x6d900000,0x6ddc8b48,0x6e900000)
Event: 11,141 GC heap after
Heap after GC invocations=16 (full 3):
 PSYoungGen      total 209408K, used 112126K [0x9ea40000, 0xb3300000, 0xb3300000)
  eden space 97280K, 0% used [0x9ea40000,0x9ea40000,0xa4940000)
  from space 112128K, 99% used [0xa4940000,0xab6bfb50,0xab6c0000)
  to   space 112128K, 0% used [0xac580000,0xac580000,0xb3300000)
 ParOldGen       total 242944K, used 232051K [0x75900000, 0x84640000, 0x9ea40000)
  object space 242944K, 95% used [0x75900000,0x83b9cca8,0x84640000)
 PSPermGen       total 16384K, used 4898K [0x6d900000, 0x6e900000, 0x75900000)
  object space 16384K, 29% used [0x6d900000,0x6ddc8b48,0x6e900000)
}
Event: 11,141 GC heap before
{Heap before GC invocations=17 (full 4):
 PSYoungGen      total 209408K, used 112126K [0x9ea40000, 0xb3300000, 0xb3300000)
  eden space 97280K, 0% used [0x9ea40000,0x9ea40000,0xa4940000)
  from space 112128K, 99% used [0xa4940000,0xab6bfb50,0xab6c0000)
  to   space 112128K, 0% used [0xac580000,0xac580000,0xb3300000)
 ParOldGen       total 242944K, used 232051K [0x75900000, 0x84640000, 0x9ea40000)
  object space 242944K, 95% used [0x75900000,0x83b9cca8,0x84640000)
 PSPermGen       total 16384K, used 4898K [0x6d900000, 0x6e900000, 0x75900000)
  object space 16384K, 29% used [0x6d900000,0x6ddc8b48,0x6e900000)

